#
# A fatal error has been detected by the Java Runtime Environment:
#
#  Internal Error (javaClasses.cpp:126), pid=18664, tid=17592
#  fatal error: Invalid layout of preloaded class
#
# JRE version:  (8.0_25-b18) (build )
# Java VM: Java HotSpot(TM) 64-Bit Server VM (25.25-b02 mixed mode windows-amd64 compressed oops)
# Failed to write core dump. Minidumps are not enabled by default on client versions of Windows
#
# If you would like to submit a bug report, please visit:
#   http://bugreport.sun.com/bugreport/crash.jsp
#

---------------  T H R E A D  ---------------

Current thread (0x0000000002a80800):  JavaThread "Unknown thread" [_thread_in_vm, id=17592, stack(0x0000000002980000,0x0000000002a80000)]

Stack: [0x0000000002980000,0x0000000002a80000]
Native frames: (J=compiled Java code, j=interpreted, Vv=VM code, C=native code)
V  [jvm.dll+0x31667a]
V  [jvm.dll+0x267073]
V  [jvm.dll+0x267cb3]
V  [jvm.dll+0x25f536]
V  [jvm.dll+0x5e773]
V  [jvm.dll+0x5e863]
V  [jvm.dll+0x731ca]
V  [jvm.dll+0x73528]
V  [jvm.dll+0xe48b7]
V  [jvm.dll+0xe4c46]
V  [jvm.dll+0x1f9ae7]
V  [jvm.dll+0x22b2e4]
V  [jvm.dll+0x14d571]
C  [javaw.exe+0x20c6]
C  [javaw.exe+0xc9eb]
C  [javaw.exe+0xca7f]
C  [KERNEL32.DLL+0x16ad]
C  [ntdll.dll+0x6eb64]


---------------  P R O C E S S  ---------------

Java Threads: ( => current thread )

Other Threads:

=>0x0000000002a80800 (exited) JavaThread "Unknown thread" [_thread_in_vm, id=17592, stack(0x0000000002980000,0x0000000002a80000)]

VM state:not at safepoint (not fully initialized)

VM Mutex/Monitor currently owned by a thread: None

GC Heap History (0 events):
No events

Deoptimization events (0 events):
No events

Internal exceptions (0 events):
No events

Events (10 events):
Event: 0.006 loading class java/lang/CharSequence done
Event: 0.007 loading class java/lang/String done
Event: 0.007 loading class java/lang/Class
Event: 0.007 loading class java/lang/reflect/AnnotatedElement
Event: 0.007 loading class java/lang/reflect/AnnotatedElement done
Event: 0.007 loading class java/lang/reflect/GenericDeclaration
Event: 0.007 loading class java/lang/reflect/GenericDeclaration done
Event: 0.007 loading class java/lang/reflect/Type
Event: 0.007 loading class java/lang/reflect/Type done
Event: 0.007 loading class java/lang/Class done


Dynamic libraries:
0x00007ff7bf1a0000 - 0x00007ff7bf1d4000 	C:\Program Files\Java\jre1.8.0_25\bin\javaw.exe
0x00007ffec9910000 - 0x00007ffec9abc000 	C:\Windows\SYSTEM32\ntdll.dll
0x00007ffec97d0000 - 0x00007ffec990a000 	C:\Windows\system32\KERNEL32.DLL
0x00007ffec7030000 - 0x00007ffec713f000 	C:\Windows\system32\KERNELBASE.dll
0x00007ffec5890000 - 0x00007ffec5918000 	C:\Windows\system32\apphelp.dll
0x00007ffec2c60000 - 0x00007ffec2caf000 	C:\Windows\AppPatch\AppPatch64\AcGenral.DLL
0x00007ffec8c90000 - 0x00007ffec8d37000 	C:\Windows\system32\msvcrt.dll
0x00007ffec6b30000 - 0x00007ffec6b5b000 	C:\Windows\SYSTEM32\SspiCli.dll
0x00007ffec87f0000 - 0x00007ffec8841000 	C:\Windows\system32\SHLWAPI.dll
0x00007ffec9100000 - 0x00007ffec9271000 	C:\Windows\system32\USER32.dll
0x00007ffec93c0000 - 0x00007ffec9538000 	C:\Windows\system32\ole32.dll
0x00007ffec71e0000 - 0x00007ffec85ef000 	C:\Windows\system32\SHELL32.dll
0x00007ffec62d0000 - 0x00007ffec62ee000 	C:\Windows\SYSTEM32\USERENV.dll
0x00007ffec8be0000 - 0x00007ffec8c85000 	C:\Windows\system32\ADVAPI32.dll
0x00007ffeb5f30000 - 0x00007ffeb5f4b000 	C:\Windows\SYSTEM32\MPR.dll
0x00007ffec9280000 - 0x00007ffec93b7000 	C:\Windows\system32\RPCRT4.dll
0x00007ffec8ee0000 - 0x00007ffec8f37000 	C:\Windows\SYSTEM32\sechost.dll
0x00007ffec8610000 - 0x00007ffec87e6000 	C:\Windows\SYSTEM32\combase.dll
0x00007ffec9540000 - 0x00007ffec9684000 	C:\Windows\system32\GDI32.dll
0x00007ffec6c80000 - 0x00007ffec6c94000 	C:\Windows\SYSTEM32\profapi.dll
0x00007ffec5280000 - 0x00007ffec531f000 	C:\Windows\SYSTEM32\SHCORE.dll
0x00007ffec71a0000 - 0x00007ffec71d4000 	C:\Windows\system32\IMM32.DLL
0x00007ffec9690000 - 0x00007ffec97c9000 	C:\Windows\system32\MSCTF.dll
0x00007ffec4a70000 - 0x00007ffec4cca000 	C:\Windows\WinSxS\amd64_microsoft.windows.common-controls_6595b64144ccf1df_6.0.9600.17031_none_6242a4b3ecbb55a1\COMCTL32.dll
0x0000000052010000 - 0x00000000520e2000 	C:\Program Files\Java\jre1.8.0_25\bin\msvcr100.dll
0x0000000052270000 - 0x0000000052aca000 	C:\Program Files\Java\jre1.8.0_25\bin\server\jvm.dll
0x00007ffec5010000 - 0x00007ffec5019000 	C:\Windows\SYSTEM32\WSOCK32.dll
0x00007ffec31f0000 - 0x00007ffec320f000 	C:\Windows\SYSTEM32\WINMM.dll
0x00007ffec85f0000 - 0x00007ffec85f7000 	C:\Windows\system32\PSAPI.DLL
0x00007ffec8b00000 - 0x00007ffec8b58000 	C:\Windows\system32\WS2_32.dll
0x00007ffec3050000 - 0x00007ffec307a000 	C:\Windows\SYSTEM32\WINMMBASE.dll
0x00007ffec8600000 - 0x00007ffec8609000 	C:\Windows\system32\NSI.dll
0x00007ffec7140000 - 0x00007ffec718a000 	C:\Windows\SYSTEM32\cfgmgr32.dll
0x00007ffec5ae0000 - 0x00007ffec5b06000 	C:\Windows\SYSTEM32\DEVOBJ.dll
0x0000000052180000 - 0x000000005218f000 	C:\Program Files\Java\jre1.8.0_25\bin\verify.dll
0x0000000052150000 - 0x0000000052178000 	C:\Program Files\Java\jre1.8.0_25\bin\java.dll
0x0000000052130000 - 0x0000000052146000 	C:\Program Files\Java\jre1.8.0_25\bin\zip.dll
0x00007ffeb6570000 - 0x00007ffeb66f8000 	C:\Windows\SYSTEM32\dbghelp.dll

VM Arguments:
jvm_args: -Dfile.encoding=Cp1252 -Xbootclasspath:C:\Users\Adam\android-sdks\platforms\android-21\android.jar 
java_command: Example
java_class_path (initial): D:\eclipse\workspace\Frame\bin\classes;D:\eclipse\workspace\appcompat_v7\libs\android-support-v4.jar;D:\eclipse\workspace\appcompat_v7\libs\android-support-v7-appcompat.jar;D:\eclipse\workspace\appcompat_v7\bin\appcompat_v7.jar
Launcher Type: SUN_STANDARD

Environment Variables:
JAVA_HOME=C:\Program Files\Java\jdk1.8.0_25
PATH=C:/Program Files/Java/jre1.8.0_25/bin/server;C:/Program Files/Java/jre1.8.0_25/bin;C:/Program Files/Java/jre1.8.0_25/lib/amd64;C:\Program Files (x86)\Intel\iCLS Client\;C:\Program Files\Intel\iCLS Client\;C:\Program Files (x86)\NVIDIA Corporation\PhysX\Common;C:\ProgramData\Oracle\Java\javapath;C:\Windows\system32;C:\Windows;C:\Windows\System32\Wbem;C:\Windows\System32\WindowsPowerShell\v1.0\;C:\Program Files\Intel\Intel(R) Management Engine Components\DAL;C:\Program Files (x86)\Intel\Intel(R) Management Engine Components\DAL;C:\Program Files\Intel\Intel(R) Management Engine Components\IPT;C:\Program Files (x86)\Intel\Intel(R) Management Engine Components\IPT;C:\Program Files (x86)\Windows Kits\8.0\Windows Performance Toolkit\;C:\Program Files\Google\Cloud SDK\google-cloud-sdk\bin; C:\Program Files\ApacheSoftwareFoundation\apache-maven-3.2.5\bin;C:\Program Files\ApacheSoftwareFoundation\apache-maven-3.2.5\bin;D:\eclipse;
USERNAME=Adam
OS=Windows_NT
PROCESSOR_IDENTIFIER=Intel64 Family 6 Model 60 Stepping 3, GenuineIntel



---------------  S Y S T E M  ---------------

OS: Windows 8.1 , 64 bit Build 9600 

CPU:total 8 (4 cores per cpu, 2 threads per core) family 6 model 60 stepping 3, cmov, cx8, fxsr, mmx, sse, sse2, sse3, ssse3, sse4.1, sse4.2, popcnt, avx, avx2, aes, clmul, erms, rtm, lzcnt, ht, tsc, tscinvbit, bmi1, bmi2

Memory: 4k page, physical 16718400k(12988240k free), swap 19208768k(13752508k free)

vm_info: Java HotSpot(TM) 64-Bit Server VM (25.25-b02) for windows-amd64 JRE (1.8.0_25-b18), built on Oct  7 2014 14:25:37 by "java_re" with MS VC++ 10.0 (VS2010)

time: Wed Feb 18 18:45:13 2015
elapsed time: 0 seconds (0d 0h 0m 0s)

