#
# A fatal error has been detected by the Java Runtime Environment:
#
#  Internal Error (javaClasses.cpp:126), pid=11252, tid=10120
#  fatal error: Invalid layout of preloaded class
#
# JRE version:  (8.0_31-b13) (build )
# Java VM: Java HotSpot(TM) 64-Bit Server VM (25.31-b07 mixed mode windows-amd64 compressed oops)
# Failed to write core dump. Minidumps are not enabled by default on client versions of Windows
#
# If you would like to submit a bug report, please visit:
#   http://bugreport.java.com/bugreport/crash.jsp
#

---------------  T H R E A D  ---------------

Current thread (0x0000000002820800):  JavaThread "Unknown thread" [_thread_in_vm, id=10120, stack(0x0000000002720000,0x0000000002820000)]

Stack: [0x0000000002720000,0x0000000002820000]
Native frames: (J=compiled Java code, j=interpreted, Vv=VM code, C=native code)
V  [jvm.dll+0x3169ba]
V  [jvm.dll+0x2674c3]
V  [jvm.dll+0x268103]
V  [jvm.dll+0x25f876]
V  [jvm.dll+0x5e443]
V  [jvm.dll+0x5e533]
V  [jvm.dll+0x72e9a]
V  [jvm.dll+0x73208]
V  [jvm.dll+0xe4997]
V  [jvm.dll+0xe4d26]
V  [jvm.dll+0x1fa057]
V  [jvm.dll+0x22b694]
V  [jvm.dll+0x14d8c1]
C  [javaw.exe+0x20c6]
C  [javaw.exe+0xc9eb]
C  [javaw.exe+0xca7f]
C  [KERNEL32.DLL+0x16ad]
C  [ntdll.dll+0x6eb64]


---------------  P R O C E S S  ---------------

Java Threads: ( => current thread )

Other Threads:

=>0x0000000002820800 (exited) JavaThread "Unknown thread" [_thread_in_vm, id=10120, stack(0x0000000002720000,0x0000000002820000)]

VM state:not at safepoint (not fully initialized)

VM Mutex/Monitor currently owned by a thread: None

GC Heap History (0 events):
No events

Deoptimization events (0 events):
No events

Internal exceptions (0 events):
No events

Events (10 events):
Event: 0.010 loading class java/lang/CharSequence done
Event: 0.010 loading class java/lang/String done
Event: 0.010 loading class java/lang/Class
Event: 0.010 loading class java/lang/reflect/AnnotatedElement
Event: 0.010 loading class java/lang/reflect/AnnotatedElement done
Event: 0.010 loading class java/lang/reflect/GenericDeclaration
Event: 0.010 loading class java/lang/reflect/GenericDeclaration done
Event: 0.010 loading class java/lang/reflect/Type
Event: 0.010 loading class java/lang/reflect/Type done
Event: 0.010 loading class java/lang/Class done


Dynamic libraries:
0x00007ff6bd6f0000 - 0x00007ff6bd724000 	C:\Program Files\Java\jre1.8.0_31\bin\javaw.exe
0x00007ffb994b0000 - 0x00007ffb9965c000 	C:\WINDOWS\SYSTEM32\ntdll.dll
0x00007ffb977d0000 - 0x00007ffb9790a000 	C:\WINDOWS\system32\KERNEL32.DLL
0x00007ffb96940000 - 0x00007ffb96a4f000 	C:\WINDOWS\system32\KERNELBASE.dll
0x00007ffb95430000 - 0x00007ffb954b8000 	C:\WINDOWS\system32\apphelp.dll
0x00007ffb70820000 - 0x00007ffb7086f000 	C:\WINDOWS\AppPatch\AppPatch64\AcGenral.DLL
0x00007ffb976e0000 - 0x00007ffb97787000 	C:\WINDOWS\system32\msvcrt.dll
0x00007ffb96660000 - 0x00007ffb9668b000 	C:\WINDOWS\SYSTEM32\SspiCli.dll
0x00007ffb99240000 - 0x00007ffb99291000 	C:\WINDOWS\system32\SHLWAPI.dll
0x00007ffb97560000 - 0x00007ffb976d1000 	C:\WINDOWS\system32\USER32.dll
0x00007ffb97910000 - 0x00007ffb97a88000 	C:\WINDOWS\system32\ole32.dll
0x00007ffb97a90000 - 0x00007ffb98e9f000 	C:\WINDOWS\system32\SHELL32.dll
0x00007ffb96080000 - 0x00007ffb9609e000 	C:\WINDOWS\SYSTEM32\USERENV.dll
0x00007ffb99400000 - 0x00007ffb994a5000 	C:\WINDOWS\system32\ADVAPI32.dll
0x00007ffb8b4c0000 - 0x00007ffb8b4db000 	C:\WINDOWS\SYSTEM32\MPR.dll
0x00007ffb97210000 - 0x00007ffb97347000 	C:\WINDOWS\system32\RPCRT4.dll
0x00007ffb97070000 - 0x00007ffb970c7000 	C:\WINDOWS\SYSTEM32\sechost.dll
0x00007ffb98fa0000 - 0x00007ffb99176000 	C:\WINDOWS\SYSTEM32\combase.dll
0x00007ffb992b0000 - 0x00007ffb993f4000 	C:\WINDOWS\system32\GDI32.dll
0x00007ffb96820000 - 0x00007ffb96834000 	C:\WINDOWS\SYSTEM32\profapi.dll
0x00007ffb94e80000 - 0x00007ffb94f1f000 	C:\WINDOWS\SYSTEM32\SHCORE.dll
0x00007ffb97790000 - 0x00007ffb977c4000 	C:\WINDOWS\system32\IMM32.DLL
0x00007ffb96f30000 - 0x00007ffb97069000 	C:\WINDOWS\system32\MSCTF.dll
0x00007ffb94840000 - 0x00007ffb94a9a000 	C:\WINDOWS\WinSxS\amd64_microsoft.windows.common-controls_6595b64144ccf1df_6.0.9600.17031_none_6242a4b3ecbb55a1\COMCTL32.dll
0x0000000057130000 - 0x0000000057202000 	C:\Program Files\Java\jre1.8.0_31\bin\msvcr100.dll
0x000000005a9c0000 - 0x000000005b21a000 	C:\Program Files\Java\jre1.8.0_31\bin\server\jvm.dll
0x00007ffb8dfa0000 - 0x00007ffb8dfa9000 	C:\WINDOWS\SYSTEM32\WSOCK32.dll
0x00007ffb92df0000 - 0x00007ffb92e0f000 	C:\WINDOWS\SYSTEM32\WINMM.dll
0x00007ffb992a0000 - 0x00007ffb992a7000 	C:\WINDOWS\system32\PSAPI.DLL
0x00007ffb98ea0000 - 0x00007ffb98ef8000 	C:\WINDOWS\system32\WS2_32.dll
0x00007ffb92d50000 - 0x00007ffb92d7a000 	C:\WINDOWS\SYSTEM32\WINMMBASE.dll
0x00007ffb970d0000 - 0x00007ffb970d9000 	C:\WINDOWS\system32\NSI.dll
0x00007ffb968f0000 - 0x00007ffb9693a000 	C:\WINDOWS\SYSTEM32\cfgmgr32.dll
0x00007ffb95690000 - 0x00007ffb956b6000 	C:\WINDOWS\SYSTEM32\DEVOBJ.dll
0x000000005b7b0000 - 0x000000005b7bf000 	C:\Program Files\Java\jre1.8.0_31\bin\verify.dll
0x000000005b620000 - 0x000000005b648000 	C:\Program Files\Java\jre1.8.0_31\bin\java.dll
0x000000005b600000 - 0x000000005b616000 	C:\Program Files\Java\jre1.8.0_31\bin\zip.dll
0x00007ffb78240000 - 0x00007ffb783c8000 	C:\WINDOWS\SYSTEM32\dbghelp.dll

VM Arguments:
jvm_args: -Djava.library.path=E:\Program Files (x86)\Eclipse IDE -Dfile.encoding=Cp1252 -Xbootclasspath:C:\Users\Craig\AppData\Local\Android\android-sdk\platforms\android-21\android.jar 
java_command: Example
java_class_path (initial): C:\Users\Craig\Documents\GitHub\FrameForAndroid\Frame\bin\classes;C:\Users\Craig\Documents\GitHub\FrameForAndroid\Frame\libs\android-support-v4.jar;C:\Users\Craig\Documents\GitHub\FrameForAndroid\Frame\RequiredFiles\appcompat_v7\libs\android-support-v7-appcompat.jar;C:\Users\Craig\Documents\GitHub\FrameForAndroid\Frame\RequiredFiles\appcompat_v7\bin\android-support-v7-appcompat.jar
Launcher Type: SUN_STANDARD

Environment Variables:
JAVA_HOME=C:\Program Files\Java\jdk1.8.0_05
PATH=C:/Program Files/Java/jre1.8.0_31/bin/server;C:/Program Files/Java/jre1.8.0_31/bin;C:/Program Files/Java/jre1.8.0_31/lib/amd64;C:\ProgramData\Oracle\Java\javapath;C:\Program Files (x86)\NVIDIA Corporation\PhysX\Common;C:\WINDOWS\system32;C:\WINDOWS;C:\WINDOWS\System32\Wbem;C:\WINDOWS\System32\WindowsPowerShell\v1.0\;C:\Program Files\Microsoft SQL Server\110\Tools\Binn\;C:\Program Files (x86)\Android\sdk\platform-tools;C:\Program Files (x86)\Android\sdk\tools\ant;C:\Program Files (x86)\Windows Kits\8.1\Windows Performance Toolkit\;E:\Program Files (x86)\Apache Software Foundation\apache-maven-3.2.1;E:\Program Files (x86)\Apache Software Foundation\apache-maven-3.2.1\bin;C:\Program Files\Java\jdk1.8.0_05\bin;C:\Program Files (x86)\Microsoft SDKs\TypeScript\1.0\;C:\Program Files\Common Files\Autodesk Shared\;C:\Program Files (x86)\Autodesk\Backburner\;C:\Program Files (x86)\eclipse;
USERNAME=Craig
OS=Windows_NT
PROCESSOR_IDENTIFIER=Intel64 Family 6 Model 58 Stepping 9, GenuineIntel



---------------  S Y S T E M  ---------------

OS: Windows 8.1 , 64 bit Build 9600 

CPU:total 4 (4 cores per cpu, 1 threads per core) family 6 model 58 stepping 9, cmov, cx8, fxsr, mmx, sse, sse2, sse3, ssse3, sse4.1, sse4.2, popcnt, avx, aes, clmul, erms, tsc, tscinvbit, tscinv

Memory: 4k page, physical 25119276k(20645620k free), swap 31928876k(26818288k free)

vm_info: Java HotSpot(TM) 64-Bit Server VM (25.31-b07) for windows-amd64 JRE (1.8.0_31-b13), built on Dec 17 2014 21:00:28 by "java_re" with MS VC++ 10.0 (VS2010)

time: Thu Feb 19 15:09:58 2015
elapsed time: 0 seconds (0d 0h 0m 0s)

